c:\users\james\desktop\cppcli-wpf-app\cppcli-wpf-app\cppcli-wpf-app\debug\vc140.pdb
c:\users\james\desktop\cppcli-wpf-app\cppcli-wpf-app\cppcli-wpf-app\debug\window.obj
c:\su\cse687\code\project4helps16\cppcli-wpf-app\cppcli-wpf-app\debug\vc140.pdb
c:\su\cse687\code\project4helps16\cppcli-wpf-app\cppcli-wpf-app\debug\window.obj
c:\su\cse687\code\project4helps16\cppcli-wpf-app\cppcli-wpf-app\debug\.netframework,version=v4.0.assemblyattributes.obj
c:\su\cse687\code\project4helps16\cppcli-wpf-app\cppcli-wpf-app\debug\.netframework,version=v4.0.assemblyattributes.asm
c:\users\james\desktop\cppcli-wpf-app\cppcli-wpf-app\debug\cppcli-wpf-app.exe
c:\users\james\desktop\cppcli-wpf-app\cppcli-wpf-app\debug\cppcli-wpf-app.pdb
c:\su\cse687\code\project4helps16\cppcli-wpf-app\debug\cppcli-wpf-app.exe
c:\su\cse687\code\project4helps16\cppcli-wpf-app\debug\cppcli-wpf-app.pdb
c:\su\cse687\code\project4helps16\cppcli-wpf-app\cppcli-wpf-app\debug\cppcli-wpf-app.vcxprojresolveassemblyreference.cache
c:\su\cse687\code\project4helps16\cppcli-wpf-app\cppcli-wpf-app\debug\cppcli-wpf-app.tlog\cl.command.1.tlog
c:\su\cse687\code\project4helps16\cppcli-wpf-app\cppcli-wpf-app\debug\cppcli-wpf-app.tlog\cl.read.1.tlog
c:\su\cse687\code\project4helps16\cppcli-wpf-app\cppcli-wpf-app\debug\cppcli-wpf-app.tlog\cl.write.1.tlog
c:\su\cse687\code\project4helps16\cppcli-wpf-app\cppcli-wpf-app\debug\cppcli-wpf-app.tlog\link.command.1.tlog
c:\su\cse687\code\project4helps16\cppcli-wpf-app\cppcli-wpf-app\debug\cppcli-wpf-app.tlog\link.read.1.tlog
c:\su\cse687\code\project4helps16\cppcli-wpf-app\cppcli-wpf-app\debug\cppcli-wpf-app.tlog\link.write.1.tlog
c:\su\cse687\code\project4helps16\cppcli-wpf-app\cppcli-wpf-app\debug\cppcli-wpf-app.tlog\metagen.read.1.tlog
c:\su\cse687\code\project4helps16\cppcli-wpf-app\cppcli-wpf-app\debug\cppcli-wpf-app.tlog\metagen.write.1.tlog
c:\su\cse687\code\project4helps16\cppcli-wpf-app\cppcli-wpf-app\debug\cppcli-wpf-app.tlog\tzres.dll.bi
