c:\project4\arpitshahhw#2_final\xmldocument\x64\debug\xmldocument.pdb
c:\project4\arpitshahhw#2_final\xmldocument\x64\debug\xmldocument.idb
c:\project4\arpitshahhw#2_final\xmldocument\x64\debug\xmldocument.obj
c:\project4\arpitshahhw#2_final\xmldocument\x64\debug\xmlelement.obj
c:\project4\arpitshahhw#2_final\xmldocument\x64\debug\xmlelementparts.obj
c:\project4\arpitshahhw#2_final\xmldocument\x64\debug\xmlparser.obj
c:\project4\arpitshahhw#2_final\xmldocument\x64\debug\xtokenizer.obj
c:\project4\arpitshahhw#2_final\x64\debug\xmldocument.lib
c:\project4\csharpclishim-wpf-app 2\xmldocument\x64\debug\xmldocument.obj
c:\project4\csharpclishim-wpf-app 2\xmldocument\x64\debug\xmlelement.obj
c:\project4\csharpclishim-wpf-app 2\xmldocument\x64\debug\xmlelementparts.obj
c:\project4\csharpclishim-wpf-app 2\xmldocument\x64\debug\xmlparser.obj
c:\project4\csharpclishim-wpf-app 2\xmldocument\x64\debug\xtokenizer.obj
c:\project4\csharpclishim-wpf-app 2\xmldocument\x64\debug\xmldocument.idb
c:\project4\csharpclishim-wpf-app 2\xmldocument\x64\debug\xmldocument.pdb
c:\project4\csharpclishim-wpf-app 2\xmldocument\x64\debug\xmldocument.tlog\cl.command.1.tlog
c:\project4\csharpclishim-wpf-app 2\xmldocument\x64\debug\xmldocument.tlog\cl.read.1.tlog
c:\project4\csharpclishim-wpf-app 2\xmldocument\x64\debug\xmldocument.tlog\cl.write.1.tlog
c:\project4\csharpclishim-wpf-app 2\xmldocument\x64\debug\xmldocument.tlog\lib-link.read.1.tlog
c:\project4\csharpclishim-wpf-app 2\xmldocument\x64\debug\xmldocument.tlog\lib-link.write.1.tlog
c:\project4\csharpclishim-wpf-app 2\xmldocument\x64\debug\xmldocument.tlog\lib.command.1.tlog
