c:\project4\arpitshahhw#2_final\analyzer\x64\debug\codeanalyzer.pdb
c:\project4\arpitshahhw#2_final\analyzer\x64\debug\codeanalyzer.idb
c:\project4\arpitshahhw#2_final\analyzer\x64\debug\abstrsyntree.obj
c:\project4\arpitshahhw#2_final\analyzer\x64\debug\filemgr.obj
c:\project4\arpitshahhw#2_final\analyzer\x64\debug\filesystem.obj
c:\project4\arpitshahhw#2_final\analyzer\x64\debug\grammarhelpers.obj
c:\project4\arpitshahhw#2_final\analyzer\x64\debug\logger.obj
c:\project4\arpitshahhw#2_final\analyzer\x64\debug\actionsandrules.obj
c:\project4\arpitshahhw#2_final\analyzer\x64\debug\configureparser.obj
c:\project4\arpitshahhw#2_final\analyzer\x64\debug\parser.obj
c:\project4\arpitshahhw#2_final\analyzer\x64\debug\scopestack.obj
c:\project4\arpitshahhw#2_final\analyzer\x64\debug\semiexp.obj
c:\project4\arpitshahhw#2_final\analyzer\x64\debug\tokenizer.obj
c:\project4\arpitshahhw#2_final\analyzer\x64\debug\utilities.obj
c:\project4\arpitshahhw#2_final\analyzer\x64\debug\executive.obj
c:\project4\arpitshahhw#2_final\x64\debug\codeanalyzer.lib
c:\project4\csharpclishim-wpf-app 2\analyzer\x64\debug\abstrsyntree.obj
c:\project4\csharpclishim-wpf-app 2\analyzer\x64\debug\actionsandrules.obj
c:\project4\csharpclishim-wpf-app 2\analyzer\x64\debug\configureparser.obj
c:\project4\csharpclishim-wpf-app 2\analyzer\x64\debug\executive.obj
c:\project4\csharpclishim-wpf-app 2\analyzer\x64\debug\filemgr.obj
c:\project4\csharpclishim-wpf-app 2\analyzer\x64\debug\filesystem.obj
c:\project4\csharpclishim-wpf-app 2\analyzer\x64\debug\grammarhelpers.obj
c:\project4\csharpclishim-wpf-app 2\analyzer\x64\debug\logger.obj
c:\project4\csharpclishim-wpf-app 2\analyzer\x64\debug\parser.obj
c:\project4\csharpclishim-wpf-app 2\analyzer\x64\debug\scopestack.obj
c:\project4\csharpclishim-wpf-app 2\analyzer\x64\debug\semiexp.obj
c:\project4\csharpclishim-wpf-app 2\analyzer\x64\debug\tokenizer.obj
c:\project4\csharpclishim-wpf-app 2\analyzer\x64\debug\utilities.obj
c:\project4\csharpclishim-wpf-app 2\analyzer\x64\debug\codeanalyzer.idb
c:\project4\csharpclishim-wpf-app 2\analyzer\x64\debug\codeanalyzer.pdb
c:\project4\csharpclishim-wpf-app 2\analyzer\x64\debug\codeanalyzer.tlog\cl.command.1.tlog
c:\project4\csharpclishim-wpf-app 2\analyzer\x64\debug\codeanalyzer.tlog\cl.read.1.tlog
c:\project4\csharpclishim-wpf-app 2\analyzer\x64\debug\codeanalyzer.tlog\cl.write.1.tlog
c:\project4\csharpclishim-wpf-app 2\analyzer\x64\debug\codeanalyzer.tlog\lib-link.read.1.tlog
c:\project4\csharpclishim-wpf-app 2\analyzer\x64\debug\codeanalyzer.tlog\lib-link.write.1.tlog
c:\project4\csharpclishim-wpf-app 2\analyzer\x64\debug\codeanalyzer.tlog\lib.command.1.tlog
