c:\project4\arpitshahhw#2_final\grammarhelpers\x64\debug\grammarhelpers.pdb
c:\project4\arpitshahhw#2_final\grammarhelpers\x64\debug\grammarhelpers.idb
c:\project4\arpitshahhw#2_final\grammarhelpers\x64\debug\logger.obj
c:\project4\arpitshahhw#2_final\grammarhelpers\x64\debug\semiexp.obj
c:\project4\arpitshahhw#2_final\grammarhelpers\x64\debug\tokenizer.obj
c:\project4\arpitshahhw#2_final\grammarhelpers\x64\debug\utilities.obj
c:\project4\arpitshahhw#2_final\grammarhelpers\x64\debug\grammarhelpers.obj
c:\project4\arpitshahhw#2_final\x64\debug\grammarhelpers.lib
c:\project4\csharpclishim-wpf-app 2\grammarhelpers\x64\debug\grammarhelpers.obj
c:\project4\csharpclishim-wpf-app 2\grammarhelpers\x64\debug\logger.obj
c:\project4\csharpclishim-wpf-app 2\grammarhelpers\x64\debug\semiexp.obj
c:\project4\csharpclishim-wpf-app 2\grammarhelpers\x64\debug\tokenizer.obj
c:\project4\csharpclishim-wpf-app 2\grammarhelpers\x64\debug\utilities.obj
c:\project4\csharpclishim-wpf-app 2\grammarhelpers\x64\debug\grammarhelpers.idb
c:\project4\csharpclishim-wpf-app 2\grammarhelpers\x64\debug\grammarhelpers.pdb
c:\project4\csharpclishim-wpf-app 2\grammarhelpers\x64\debug\grammarhelpers.tlog\cl.command.1.tlog
c:\project4\csharpclishim-wpf-app 2\grammarhelpers\x64\debug\grammarhelpers.tlog\cl.read.1.tlog
c:\project4\csharpclishim-wpf-app 2\grammarhelpers\x64\debug\grammarhelpers.tlog\cl.write.1.tlog
c:\project4\csharpclishim-wpf-app 2\grammarhelpers\x64\debug\grammarhelpers.tlog\lib-link.read.1.tlog
c:\project4\csharpclishim-wpf-app 2\grammarhelpers\x64\debug\grammarhelpers.tlog\lib-link.write.1.tlog
c:\project4\csharpclishim-wpf-app 2\grammarhelpers\x64\debug\grammarhelpers.tlog\lib.command.1.tlog
