c:\project4\csharpclishim-wpf-app 2\parser\debug\parser.pdb
c:\project4\csharpclishim-wpf-app 2\parser\debug\parser.idb
c:\project4\csharpclishim-wpf-app 2\parser\debug\abstrsyntree.obj
c:\project4\csharpclishim-wpf-app 2\parser\debug\filesystem.obj
c:\project4\csharpclishim-wpf-app 2\parser\debug\grammarhelpers.obj
c:\project4\csharpclishim-wpf-app 2\parser\debug\logger.obj
c:\project4\csharpclishim-wpf-app 2\parser\debug\scopestack.obj
c:\project4\csharpclishim-wpf-app 2\parser\debug\semiexp.obj
c:\project4\csharpclishim-wpf-app 2\parser\debug\tokenizer.obj
c:\project4\csharpclishim-wpf-app 2\parser\debug\utilities.obj
c:\project4\csharpclishim-wpf-app 2\parser\debug\actionsandrules.obj
c:\project4\csharpclishim-wpf-app 2\parser\debug\configureparser.obj
c:\project4\csharpclishim-wpf-app 2\parser\debug\parser.obj
c:\project4\csharpclishim-wpf-app 2\debug\parser.lib
c:\project4\csharpclishim-wpf-app 2\debug\parser.pdb
c:\project4\csharpclishim-wpf-app 2\parser\debug\parser.tlog\cl.command.1.tlog
c:\project4\csharpclishim-wpf-app 2\parser\debug\parser.tlog\cl.read.1.tlog
c:\project4\csharpclishim-wpf-app 2\parser\debug\parser.tlog\cl.write.1.tlog
c:\project4\csharpclishim-wpf-app 2\parser\debug\parser.tlog\lib-link.read.1.tlog
c:\project4\csharpclishim-wpf-app 2\parser\debug\parser.tlog\lib-link.write.1.tlog
c:\project4\csharpclishim-wpf-app 2\parser\debug\parser.tlog\lib.command.1.tlog
